[2020-03-13 17:18:35 : INFO] - Re_Smush_It_Task server status: Online 
[2020-03-13 17:18:35 : INFO] - 
 
[2020-03-13 17:18:35 : INFO] - Header for logs at time:  Fri, 13 Mar 2020 17:18:35 +0000 on https://socius.allshoreresources.com 
[2020-03-13 17:18:35 : INFO] - WP: 5.3.2 
[2020-03-13 17:18:35 : INFO] - PHP: 7.0.33 (cgi-fcgi, Linux web01.tilpro.net 3.10.0-862.2.3.el7.x86_64 #1 SMP Wed May 9 18:05:47 UTC 2018 x86_64) 
[2020-03-13 17:18:35 : INFO] - MySQL: 5.5.5 
[2020-03-13 17:18:35 : INFO] - WPLANG: en_US 
[2020-03-13 17:18:35 : INFO] - Server: Apache 
[2020-03-13 17:18:35 : INFO] - Outbound connections: N 
[2020-03-13 17:18:35 : INFO] - safe_mode: 0 
[2020-03-13 17:18:35 : INFO] - max_execution_time: 30 
[2020-03-13 17:18:35 : INFO] - memory_limit: 128M (used: 36M | 38M) 
[2020-03-13 17:18:35 : INFO] - multisite: N 
[2020-03-13 17:18:35 : INFO] - openssl: OpenSSL 1.1.1d  10 Sep 2019 
[2020-03-13 17:18:37 : INFO] - A total of 111 tasks of type smush found and will be processed in this iteration 
[2020-03-13 17:18:37 : INFO] - Set semaphore last lock (smush) time to 2020-03-13 17:18:37 
[2020-03-13 17:18:37 : INFO] - Semaphore lock (smush) complete 
[2020-03-13 17:18:37 : INFO] - Processing task with ID : 1, and type 'smush' 
[2020-03-13 17:18:37 : INFO] - Re_Smush_It_Task - Attachment ID : 798, Started on : March 13, 2020 05:18:35 
[2020-03-13 17:18:37 : INFO] - 100 
[2020-03-13 17:18:41 : INFO] - Backing up the original image - 2020/03/hero-slide-3-scaled-updraft-pre-smush-original.jpg 
[2020-03-13 17:18:41 : INFO] - Re_Smush_It_Task - Attachment ID : 798, Started on : March 13, 2020 05:18:35 
[2020-03-13 17:18:41 : INFO] - 100 
[2020-03-13 17:18:42 : INFO] - Re_Smush_It_Task - Attachment ID : 798, Started on : March 13, 2020 05:18:35 
[2020-03-13 17:18:42 : INFO] - 100 
[2020-03-13 17:18:43 : INFO] - Re_Smush_It_Task - Attachment ID : 798, Started on : March 13, 2020 05:18:35 
[2020-03-13 17:18:43 : INFO] - 100 
[2020-03-13 17:18:44 : INFO] - Re_Smush_It_Task - Attachment ID : 798, Started on : March 13, 2020 05:18:35 
[2020-03-13 17:18:44 : INFO] - 100 
[2020-03-13 17:18:45 : INFO] - Re_Smush_It_Task - Attachment ID : 798, Started on : March 13, 2020 05:18:35 
[2020-03-13 17:18:45 : INFO] - 100 
[2020-03-13 17:18:47 : INFO] - Re_Smush_It_Task - Attachment ID : 798, Started on : March 13, 2020 05:18:35 
[2020-03-13 17:18:47 : INFO] - 100 
[2020-03-13 17:18:49 : INFO] - Re_Smush_It_Task - Attachment ID : 798, Started on : March 13, 2020 05:18:35 
[2020-03-13 17:18:49 : INFO] - 100 
[2020-03-13 17:18:52 : INFO] - Re_Smush_It_Task - Attachment ID : 798, Started on : March 13, 2020 05:18:35 
[2020-03-13 17:18:52 : INFO] - 100 
[2020-03-13 17:18:53 : INFO] - Re_Smush_It_Task - Attachment ID : 798, Started on : March 13, 2020 05:18:35 
[2020-03-13 17:18:53 : INFO] - 100 
[2020-03-13 17:18:54 : INFO] - Task with ID 1 and type (smush) failed with error code http_request_failed - cURL error 28: Operation timed out after 1001 milliseconds with 0 bytes received 
[2020-03-13 17:18:54 : INFO] - Cannot establish connection with reSmush.it webservice. Please try later 
[2020-03-13 17:18:54 : INFO] - Re_Smush_It_Task - Attachment ID : 798, Started on : March 13, 2020 05:18:35 
[2020-03-13 17:18:54 : INFO] - 100 
[2020-03-13 17:18:55 : INFO] - Task with ID 1 and type (smush) failed with error code http_request_failed - cURL error 28: Operation timed out after 1000 milliseconds with 0 bytes received 
[2020-03-13 17:18:55 : INFO] - Cannot establish connection with reSmush.it webservice. Please try later 
[2020-03-13 17:18:55 : INFO] - Re_Smush_It_Task - Attachment ID : 798, Started on : March 13, 2020 05:18:35 
[2020-03-13 17:18:55 : INFO] - 100 
[2020-03-13 17:18:56 : INFO] - Task with ID 1 and type (smush) failed with error code http_request_failed - cURL error 28: Operation timed out after 1000 milliseconds with 0 bytes received 
[2020-03-13 17:18:56 : INFO] - Cannot establish connection with reSmush.it webservice. Please try later 
[2020-03-13 17:18:56 : INFO] - Successfully optimized the image - .The file was compressed to 0 bytes using WP-Optimize 
[2020-03-13 17:18:56 : INFO] - Completed processing task with ID : 1, and type 'smush' 
[2020-03-13 17:18:56 : INFO] - The task with id : 2, and type 'smush' seems to have been deleted from the database. 
[2020-03-13 17:18:56 : INFO] - The task with id : 3, and type 'smush' seems to have been deleted from the database. 
[2020-03-13 17:18:56 : INFO] - The task with id : 4, and type 'smush' seems to have been deleted from the database. 
[2020-03-13 17:18:56 : INFO] - The task with id : 5, and type 'smush' seems to have been deleted from the database. 
[2020-03-13 17:18:56 : INFO] - The task with id : 6, and type 'smush' seems to have been deleted from the database. 
[2020-03-13 17:18:56 : INFO] - The task with id : 7, and type 'smush' seems to have been deleted from the database. 
[2020-03-13 17:18:56 : INFO] - The task with id : 8, and type 'smush' seems to have been deleted from the database. 
[2020-03-13 17:18:56 : INFO] - The task with id : 9, and type 'smush' seems to have been deleted from the database. 
[2020-03-13 17:18:56 : INFO] - The task with id : 10, and type 'smush' seems to have been deleted from the database. 
[2020-03-13 17:18:56 : INFO] - The task with id : 11, and type 'smush' seems to have been deleted from the database. 
[2020-03-13 17:18:56 : INFO] - The task with id : 12, and type 'smush' seems to have been deleted from the database. 
[2020-03-13 17:18:56 : INFO] - The task with id : 13, and type 'smush' seems to have been deleted from the database. 
[2020-03-13 17:18:56 : INFO] - The task with id : 14, and type 'smush' seems to have been deleted from the database. 
[2020-03-13 17:18:56 : INFO] - The task with id : 15, and type 'smush' seems to have been deleted from the database. 
[2020-03-13 17:18:56 : INFO] - The task with id : 16, and type 'smush' seems to have been deleted from the database. 
[2020-03-13 17:18:56 : INFO] - The task with id : 17, and type 'smush' seems to have been deleted from the database. 
[2020-03-13 17:18:56 : INFO] - The task with id : 18, and type 'smush' seems to have been deleted from the database. 
[2020-03-13 17:18:56 : INFO] - The task with id : 19, and type 'smush' seems to have been deleted from the database. 
[2020-03-13 17:18:56 : INFO] - The task with id : 20, and type 'smush' seems to have been deleted from the database. 
[2020-03-13 17:18:56 : INFO] - The task with id : 21, and type 'smush' seems to have been deleted from the database. 
[2020-03-13 17:18:56 : INFO] - The task with id : 22, and type 'smush' seems to have been deleted from the database. 
[2020-03-13 17:18:56 : INFO] - The task with id : 23, and type 'smush' seems to have been deleted from the database. 
[2020-03-13 17:18:56 : INFO] - The task with id : 24, and type 'smush' seems to have been deleted from the database. 
[2020-03-13 17:18:56 : INFO] - The task with id : 25, and type 'smush' seems to have been deleted from the database. 
[2020-03-13 17:18:56 : INFO] - The task with id : 26, and type 'smush' seems to have been deleted from the database. 
[2020-03-13 17:18:56 : INFO] - The task with id : 27, and type 'smush' seems to have been deleted from the database. 
[2020-03-13 17:18:56 : INFO] - The task with id : 28, and type 'smush' seems to have been deleted from the database. 
[2020-03-13 17:18:56 : INFO] - The task with id : 29, and type 'smush' seems to have been deleted from the database. 
[2020-03-13 17:18:56 : INFO] - The task with id : 30, and type 'smush' seems to have been deleted from the database. 
[2020-03-13 17:18:56 : INFO] - The task with id : 31, and type 'smush' seems to have been deleted from the database. 
[2020-03-13 17:18:56 : INFO] - The task with id : 32, and type 'smush' seems to have been deleted from the database. 
[2020-03-13 17:18:56 : INFO] - The task with id : 33, and type 'smush' seems to have been deleted from the database. 
[2020-03-13 17:18:56 : INFO] - The task with id : 34, and type 'smush' seems to have been deleted from the database. 
[2020-03-13 17:18:56 : INFO] - The task with id : 35, and type 'smush' seems to have been deleted from the database. 
[2020-03-13 17:18:56 : INFO] - The task with id : 36, and type 'smush' seems to have been deleted from the database. 
[2020-03-13 17:18:56 : INFO] - The task with id : 37, and type 'smush' seems to have been deleted from the database. 
[2020-03-13 17:18:56 : INFO] - The task with id : 38, and type 'smush' seems to have been deleted from the database. 
[2020-03-13 17:18:56 : INFO] - The task with id : 39, and type 'smush' seems to have been deleted from the database. 
[2020-03-13 17:18:56 : INFO] - The task with id : 40, and type 'smush' seems to have been deleted from the database. 
[2020-03-13 17:18:56 : INFO] - The task with id : 41, and type 'smush' seems to have been deleted from the database. 
[2020-03-13 17:18:56 : INFO] - The task with id : 42, and type 'smush' seems to have been deleted from the database. 
[2020-03-13 17:18:56 : INFO] - The task with id : 43, and type 'smush' seems to have been deleted from the database. 
[2020-03-13 17:18:56 : INFO] - The task with id : 44, and type 'smush' seems to have been deleted from the database. 
[2020-03-13 17:18:56 : INFO] - The task with id : 45, and type 'smush' seems to have been deleted from the database. 
[2020-03-13 17:18:56 : INFO] - The task with id : 46, and type 'smush' seems to have been deleted from the database. 
[2020-03-13 17:18:56 : INFO] - The task with id : 47, and type 'smush' seems to have been deleted from the database. 
[2020-03-13 17:18:56 : INFO] - The task with id : 48, and type 'smush' seems to have been deleted from the database. 
[2020-03-13 17:18:56 : INFO] - The task with id : 49, and type 'smush' seems to have been deleted from the database. 
[2020-03-13 17:18:56 : INFO] - The task with id : 50, and type 'smush' seems to have been deleted from the database. 
[2020-03-13 17:18:56 : INFO] - The task with id : 51, and type 'smush' seems to have been deleted from the database. 
[2020-03-13 17:18:56 : INFO] - The task with id : 52, and type 'smush' seems to have been deleted from the database. 
[2020-03-13 17:18:56 : INFO] - The task with id : 53, and type 'smush' seems to have been deleted from the database. 
[2020-03-13 17:18:56 : INFO] - The task with id : 54, and type 'smush' seems to have been deleted from the database. 
[2020-03-13 17:18:56 : INFO] - The task with id : 55, and type 'smush' seems to have been deleted from the database. 
[2020-03-13 17:18:56 : INFO] - The task with id : 56, and type 'smush' seems to have been deleted from the database. 
[2020-03-13 17:18:56 : INFO] - The task with id : 57, and type 'smush' seems to have been deleted from the database. 
[2020-03-13 17:18:56 : INFO] - The task with id : 58, and type 'smush' seems to have been deleted from the database. 
[2020-03-13 17:18:56 : INFO] - The task with id : 59, and type 'smush' seems to have been deleted from the database. 
[2020-03-13 17:18:56 : INFO] - The task with id : 60, and type 'smush' seems to have been deleted from the database. 
[2020-03-13 17:18:56 : INFO] - The task with id : 61, and type 'smush' seems to have been deleted from the database. 
[2020-03-13 17:18:56 : INFO] - The task with id : 62, and type 'smush' seems to have been deleted from the database. 
[2020-03-13 17:18:56 : INFO] - The task with id : 63, and type 'smush' seems to have been deleted from the database. 
[2020-03-13 17:18:56 : INFO] - The task with id : 64, and type 'smush' seems to have been deleted from the database. 
[2020-03-13 17:18:56 : INFO] - The task with id : 65, and type 'smush' seems to have been deleted from the database. 
[2020-03-13 17:18:56 : INFO] - The task with id : 66, and type 'smush' seems to have been deleted from the database. 
[2020-03-13 17:18:56 : INFO] - The task with id : 67, and type 'smush' seems to have been deleted from the database. 
[2020-03-13 17:18:56 : INFO] - The task with id : 68, and type 'smush' seems to have been deleted from the database. 
[2020-03-13 17:18:56 : INFO] - The task with id : 69, and type 'smush' seems to have been deleted from the database. 
[2020-03-13 17:18:56 : INFO] - The task with id : 70, and type 'smush' seems to have been deleted from the database. 
[2020-03-13 17:18:56 : INFO] - The task with id : 71, and type 'smush' seems to have been deleted from the database. 
[2020-03-13 17:18:56 : INFO] - The task with id : 72, and type 'smush' seems to have been deleted from the database. 
[2020-03-13 17:18:56 : INFO] - The task with id : 73, and type 'smush' seems to have been deleted from the database. 
[2020-03-13 17:18:56 : INFO] - The task with id : 74, and type 'smush' seems to have been deleted from the database. 
[2020-03-13 17:18:56 : INFO] - The task with id : 75, and type 'smush' seems to have been deleted from the database. 
[2020-03-13 17:18:56 : INFO] - The task with id : 76, and type 'smush' seems to have been deleted from the database. 
[2020-03-13 17:18:56 : INFO] - The task with id : 77, and type 'smush' seems to have been deleted from the database. 
[2020-03-13 17:18:56 : INFO] - The task with id : 78, and type 'smush' seems to have been deleted from the database. 
[2020-03-13 17:18:56 : INFO] - The task with id : 79, and type 'smush' seems to have been deleted from the database. 
[2020-03-13 17:18:56 : INFO] - The task with id : 80, and type 'smush' seems to have been deleted from the database. 
[2020-03-13 17:18:56 : INFO] - The task with id : 81, and type 'smush' seems to have been deleted from the database. 
[2020-03-13 17:18:56 : INFO] - The task with id : 82, and type 'smush' seems to have been deleted from the database. 
[2020-03-13 17:18:56 : INFO] - The task with id : 83, and type 'smush' seems to have been deleted from the database. 
[2020-03-13 17:18:56 : INFO] - The task with id : 84, and type 'smush' seems to have been deleted from the database. 
[2020-03-13 17:18:56 : INFO] - The task with id : 85, and type 'smush' seems to have been deleted from the database. 
[2020-03-13 17:18:56 : INFO] - The task with id : 86, and type 'smush' seems to have been deleted from the database. 
[2020-03-13 17:18:56 : INFO] - The task with id : 87, and type 'smush' seems to have been deleted from the database. 
[2020-03-13 17:18:56 : INFO] - The task with id : 88, and type 'smush' seems to have been deleted from the database. 
[2020-03-13 17:18:56 : INFO] - The task with id : 89, and type 'smush' seems to have been deleted from the database. 
[2020-03-13 17:18:56 : INFO] - The task with id : 90, and type 'smush' seems to have been deleted from the database. 
[2020-03-13 17:18:56 : INFO] - The task with id : 91, and type 'smush' seems to have been deleted from the database. 
[2020-03-13 17:18:56 : INFO] - The task with id : 92, and type 'smush' seems to have been deleted from the database. 
[2020-03-13 17:18:56 : INFO] - The task with id : 93, and type 'smush' seems to have been deleted from the database. 
[2020-03-13 17:18:56 : INFO] - The task with id : 94, and type 'smush' seems to have been deleted from the database. 
[2020-03-13 17:18:56 : INFO] - The task with id : 95, and type 'smush' seems to have been deleted from the database. 
[2020-03-13 17:18:56 : INFO] - The task with id : 96, and type 'smush' seems to have been deleted from the database. 
[2020-03-13 17:18:56 : INFO] - The task with id : 97, and type 'smush' seems to have been deleted from the database. 
[2020-03-13 17:18:56 : INFO] - The task with id : 98, and type 'smush' seems to have been deleted from the database. 
[2020-03-13 17:18:56 : INFO] - The task with id : 99, and type 'smush' seems to have been deleted from the database. 
[2020-03-13 17:18:56 : INFO] - The task with id : 100, and type 'smush' seems to have been deleted from the database. 
[2020-03-13 17:18:56 : INFO] - The task with id : 101, and type 'smush' seems to have been deleted from the database. 
[2020-03-13 17:18:56 : INFO] - The task with id : 102, and type 'smush' seems to have been deleted from the database. 
[2020-03-13 17:18:56 : INFO] - The task with id : 103, and type 'smush' seems to have been deleted from the database. 
[2020-03-13 17:18:56 : INFO] - The task with id : 104, and type 'smush' seems to have been deleted from the database. 
[2020-03-13 17:18:56 : INFO] - The task with id : 105, and type 'smush' seems to have been deleted from the database. 
[2020-03-13 17:18:56 : INFO] - The task with id : 106, and type 'smush' seems to have been deleted from the database. 
[2020-03-13 17:18:56 : INFO] - The task with id : 107, and type 'smush' seems to have been deleted from the database. 
[2020-03-13 17:18:56 : INFO] - The task with id : 108, and type 'smush' seems to have been deleted from the database. 
[2020-03-13 17:18:56 : INFO] - The task with id : 109, and type 'smush' seems to have been deleted from the database. 
[2020-03-13 17:18:56 : INFO] - The task with id : 110, and type 'smush' seems to have been deleted from the database. 
[2020-03-13 17:18:56 : INFO] - The task with id : 111, and type 'smush' seems to have been deleted from the database. 
[2020-03-13 17:18:56 : INFO] - Decremented the semaphore (smush) by 1 
[2020-03-13 17:18:56 : INFO] - Semaphore (smush) unlocked 
[2020-03-13 17:18:56 : INFO] - Successfully processed the queue (smush). 111 tasks were processed out of 111. 
[2020-03-13 17:18:56 : INFO] - Semaphore (smush, fshp_options) was successfully cleaned up 
